<?xml version="1.0" encoding="UTF-8"?>
<testsuite xmlns:xsi="http://www.w3.org/2001/XMLSchema-instance" xsi:noNamespaceSchemaLocation="https://maven.apache.org/surefire/maven-surefire-plugin/xsd/surefire-test-report-3.0.xsd" version="3.0" name="GotoSlideCommandTest" time="5.041" tests="2" errors="2" skipped="0" failures="0">
  <properties>
    <property name="java.specification.version" value="19"/>
    <property name="sun.cpu.isalist" value="amd64"/>
    <property name="sun.jnu.encoding" value="Cp1252"/>
    <property name="java.class.path" value="C:\Users\davih\Documents\Projects\IT-Projects\Egge\SoftwareQualityDockerized\target\test-classes;C:\Users\davih\Documents\Projects\IT-Projects\Egge\SoftwareQualityDockerized\target\classes;C:\Users\davih\.m2\repository\junit\junit\4.12\junit-4.12.jar;C:\Users\davih\.m2\repository\org\hamcrest\hamcrest-core\1.3\hamcrest-core-1.3.jar;C:\Users\davih\.m2\repository\org\junit\jupiter\junit-jupiter\5.8.1\junit-jupiter-5.8.1.jar;C:\Users\davih\.m2\repository\org\junit\jupiter\junit-jupiter-api\5.8.1\junit-jupiter-api-5.8.1.jar;C:\Users\davih\.m2\repository\org\opentest4j\opentest4j\1.2.0\opentest4j-1.2.0.jar;C:\Users\davih\.m2\repository\org\junit\platform\junit-platform-commons\1.8.1\junit-platform-commons-1.8.1.jar;C:\Users\davih\.m2\repository\org\apiguardian\apiguardian-api\1.1.2\apiguardian-api-1.1.2.jar;C:\Users\davih\.m2\repository\org\junit\jupiter\junit-jupiter-params\5.8.1\junit-jupiter-params-5.8.1.jar;C:\Users\davih\.m2\repository\org\junit\jupiter\junit-jupiter-engine\5.8.1\junit-jupiter-engine-5.8.1.jar;C:\Users\davih\.m2\repository\org\junit\platform\junit-platform-engine\1.8.1\junit-platform-engine-1.8.1.jar;C:\Users\davih\.m2\repository\org\mockito\mockito-core\3.10.0\mockito-core-3.10.0.jar;C:\Users\davih\.m2\repository\net\bytebuddy\byte-buddy\1.11.0\byte-buddy-1.11.0.jar;C:\Users\davih\.m2\repository\net\bytebuddy\byte-buddy-agent\1.11.0\byte-buddy-agent-1.11.0.jar;C:\Users\davih\.m2\repository\org\objenesis\objenesis\3.2\objenesis-3.2.jar;C:\Users\davih\.m2\repository\net\revelc\code\formatter\formatter-maven-plugin\2.23.0\formatter-maven-plugin-2.23.0.jar;C:\Users\davih\.m2\repository\com\fasterxml\jackson\core\jackson-annotations\2.15.2\jackson-annotations-2.15.2.jar;C:\Users\davih\.m2\repository\com\fasterxml\jackson\core\jackson-core\2.15.2\jackson-core-2.15.2.jar;C:\Users\davih\.m2\repository\com\fasterxml\jackson\core\jackson-databind\2.15.2\jackson-databind-2.15.2.jar;C:\Users\davih\.m2\repository\com\google\guava\guava\32.0.0-jre\guava-32.0.0-jre.jar;C:\Users\davih\.m2\repository\com\google\guava\failureaccess\1.0.1\failureaccess-1.0.1.jar;C:\Users\davih\.m2\repository\com\google\guava\listenablefuture\9999.0-empty-to-avoid-conflict-with-guava\listenablefuture-9999.0-empty-to-avoid-conflict-with-guava.jar;C:\Users\davih\.m2\repository\com\google\code\findbugs\jsr305\3.0.2\jsr305-3.0.2.jar;C:\Users\davih\.m2\repository\org\checkerframework\checker-qual\3.33.0\checker-qual-3.33.0.jar;C:\Users\davih\.m2\repository\com\google\errorprone\error_prone_annotations\2.18.0\error_prone_annotations-2.18.0.jar;C:\Users\davih\.m2\repository\com\google\j2objc\j2objc-annotations\2.8\j2objc-annotations-2.8.jar;C:\Users\davih\.m2\repository\commons-beanutils\commons-beanutils\1.9.4\commons-beanutils-1.9.4.jar;C:\Users\davih\.m2\repository\commons-collections\commons-collections\3.2.2\commons-collections-3.2.2.jar;C:\Users\davih\.m2\repository\net\revelc\code\formatter\jsdt-core\3.3.0\jsdt-core-3.3.0.jar;C:\Users\davih\.m2\repository\org\osgi\org.osgi.service.prefs\1.1.2\org.osgi.service.prefs-1.1.2.jar;C:\Users\davih\.m2\repository\org\osgi\osgi.annotation\8.0.1\osgi.annotation-8.0.1.jar;C:\Users\davih\.m2\repository\org\osgi\org.osgi.util.function\1.2.0\org.osgi.util.function-1.2.0.jar;C:\Users\davih\.m2\repository\org\osgi\org.osgi.util.promise\1.2.0\org.osgi.util.promise-1.2.0.jar;C:\Users\davih\.m2\repository\org\osgi\org.osgi.util.measurement\1.0.2\org.osgi.util.measurement-1.0.2.jar;C:\Users\davih\.m2\repository\org\osgi\org.osgi.util.position\1.0.1\org.osgi.util.position-1.0.1.jar;C:\Users\davih\.m2\repository\org\osgi\org.osgi.util.xml\1.0.2\org.osgi.util.xml-1.0.2.jar;C:\Users\davih\.m2\repository\net\revelc\code\formatter\xml-formatter\0.3.0\xml-formatter-0.3.0.jar;C:\Users\davih\.m2\repository\net\sourceforge\cssparser\cssparser\0.9.30\cssparser-0.9.30.jar;C:\Users\davih\.m2\repository\org\apache\commons\commons-digester3\3.2\commons-digester3-3.2.jar;C:\Users\davih\.m2\repository\cglib\cglib\2.2.2\cglib-2.2.2.jar;C:\Users\davih\.m2\repository\asm\asm\3.3.1\asm-3.3.1.jar;C:\Users\davih\.m2\repository\org\codehaus\plexus\plexus-resources\1.2.0\plexus-resources-1.2.0.jar;C:\Users\davih\.m2\repository\javax\inject\javax.inject\1\javax.inject-1.jar;C:\Users\davih\.m2\repository\org\slf4j\slf4j-api\1.7.32\slf4j-api-1.7.32.jar;C:\Users\davih\.m2\repository\org\codehaus\plexus\plexus-utils\4.0.0\plexus-utils-4.0.0.jar;C:\Users\davih\.m2\repository\org\eclipse\jdt\org.eclipse.jdt.core\3.33.0\org.eclipse.jdt.core-3.33.0.jar;C:\Users\davih\.m2\repository\org\eclipse\platform\org.eclipse.core.resources\3.18.200\org.eclipse.core.resources-3.18.200.jar;C:\Users\davih\.m2\repository\org\eclipse\platform\org.eclipse.core.expressions\3.8.200\org.eclipse.core.expressions-3.8.200.jar;C:\Users\davih\.m2\repository\org\eclipse\platform\org.eclipse.osgi\3.18.300\org.eclipse.osgi-3.18.300.jar;C:\Users\davih\.m2\repository\org\eclipse\platform\org.eclipse.core.runtime\3.26.100\org.eclipse.core.runtime-3.26.100.jar;C:\Users\davih\.m2\repository\org\eclipse\platform\org.eclipse.equinox.common\3.17.0\org.eclipse.equinox.common-3.17.0.jar;C:\Users\davih\.m2\repository\org\eclipse\platform\org.eclipse.core.jobs\3.13.200\org.eclipse.core.jobs-3.13.200.jar;C:\Users\davih\.m2\repository\org\eclipse\platform\org.eclipse.equinox.registry\3.11.200\org.eclipse.equinox.registry-3.11.200.jar;C:\Users\davih\.m2\repository\org\eclipse\platform\org.eclipse.equinox.preferences\3.10.100\org.eclipse.equinox.preferences-3.10.100.jar;C:\Users\davih\.m2\repository\org\eclipse\platform\org.eclipse.core.contenttype\3.8.200\org.eclipse.core.contenttype-3.8.200.jar;C:\Users\davih\.m2\repository\org\eclipse\platform\org.eclipse.equinox.app\1.6.200\org.eclipse.equinox.app-1.6.200.jar;C:\Users\davih\.m2\repository\org\eclipse\platform\org.eclipse.core.filesystem\1.9.500\org.eclipse.core.filesystem-1.9.500.jar;C:\Users\davih\.m2\repository\org\eclipse\platform\org.eclipse.text\3.12.300\org.eclipse.text-3.12.300.jar;C:\Users\davih\.m2\repository\org\eclipse\platform\org.eclipse.core.commands\3.10.300\org.eclipse.core.commands-3.10.300.jar;C:\Users\davih\.m2\repository\org\eclipse\jdt\ecj\3.33.0\ecj-3.33.0.jar;C:\Users\davih\.m2\repository\org\jsoup\jsoup\1.16.1\jsoup-1.16.1.jar;C:\Users\davih\.m2\repository\org\slf4j\jcl-over-slf4j\2.0.7\jcl-over-slf4j-2.0.7.jar;C:\Users\davih\.m2\repository\org\w3c\css\sac\1.3\sac-1.3.jar;C:\Users\davih\.m2\repository\org\powermock\powermock-module-junit4\2.0.9\powermock-module-junit4-2.0.9.jar;C:\Users\davih\.m2\repository\org\powermock\powermock-module-junit4-common\2.0.9\powermock-module-junit4-common-2.0.9.jar;C:\Users\davih\.m2\repository\org\powermock\powermock-reflect\2.0.9\powermock-reflect-2.0.9.jar;C:\Users\davih\.m2\repository\org\powermock\powermock-core\2.0.9\powermock-core-2.0.9.jar;C:\Users\davih\.m2\repository\org\javassist\javassist\3.27.0-GA\javassist-3.27.0-GA.jar;C:\Users\davih\.m2\repository\org\powermock\powermock-api-mockito2\2.0.9\powermock-api-mockito2-2.0.9.jar;C:\Users\davih\.m2\repository\org\powermock\powermock-api-support\2.0.9\powermock-api-support-2.0.9.jar;"/>
    <property name="sun.awt.enableExtraMouseButtons" value="true"/>
    <property name="java.vm.vendor" value="Amazon.com Inc."/>
    <property name="sun.arch.data.model" value="64"/>
    <property name="user.variant" value=""/>
    <property name="java.vendor.url" value="https://aws.amazon.com/corretto/"/>
    <property name="user.timezone" value="Europe/Amsterdam"/>
    <property name="os.name" value="Windows 11"/>
    <property name="java.vm.specification.version" value="19"/>
    <property name="sun.java.launcher" value="SUN_STANDARD"/>
    <property name="user.country" value="GB"/>
    <property name="sun.boot.library.path" value="C:\Users\davih\.jdks\corretto-19.0.2\bin"/>
    <property name="sun.java.command" value="C:\Users\davih\AppData\Local\Temp\surefire3922358182085702486\surefirebooter3379619759780711400.jar C:\Users\davih\AppData\Local\Temp\surefire3922358182085702486 2024-06-06T18-25-40_492-jvmRun1 surefire8219272934838219894tmp surefire_02644873786854252630tmp"/>
    <property name="jdk.debug" value="release"/>
    <property name="surefire.test.class.path" value="C:\Users\davih\Documents\Projects\IT-Projects\Egge\SoftwareQualityDockerized\target\test-classes;C:\Users\davih\Documents\Projects\IT-Projects\Egge\SoftwareQualityDockerized\target\classes;C:\Users\davih\.m2\repository\junit\junit\4.12\junit-4.12.jar;C:\Users\davih\.m2\repository\org\hamcrest\hamcrest-core\1.3\hamcrest-core-1.3.jar;C:\Users\davih\.m2\repository\org\junit\jupiter\junit-jupiter\5.8.1\junit-jupiter-5.8.1.jar;C:\Users\davih\.m2\repository\org\junit\jupiter\junit-jupiter-api\5.8.1\junit-jupiter-api-5.8.1.jar;C:\Users\davih\.m2\repository\org\opentest4j\opentest4j\1.2.0\opentest4j-1.2.0.jar;C:\Users\davih\.m2\repository\org\junit\platform\junit-platform-commons\1.8.1\junit-platform-commons-1.8.1.jar;C:\Users\davih\.m2\repository\org\apiguardian\apiguardian-api\1.1.2\apiguardian-api-1.1.2.jar;C:\Users\davih\.m2\repository\org\junit\jupiter\junit-jupiter-params\5.8.1\junit-jupiter-params-5.8.1.jar;C:\Users\davih\.m2\repository\org\junit\jupiter\junit-jupiter-engine\5.8.1\junit-jupiter-engine-5.8.1.jar;C:\Users\davih\.m2\repository\org\junit\platform\junit-platform-engine\1.8.1\junit-platform-engine-1.8.1.jar;C:\Users\davih\.m2\repository\org\mockito\mockito-core\3.10.0\mockito-core-3.10.0.jar;C:\Users\davih\.m2\repository\net\bytebuddy\byte-buddy\1.11.0\byte-buddy-1.11.0.jar;C:\Users\davih\.m2\repository\net\bytebuddy\byte-buddy-agent\1.11.0\byte-buddy-agent-1.11.0.jar;C:\Users\davih\.m2\repository\org\objenesis\objenesis\3.2\objenesis-3.2.jar;C:\Users\davih\.m2\repository\net\revelc\code\formatter\formatter-maven-plugin\2.23.0\formatter-maven-plugin-2.23.0.jar;C:\Users\davih\.m2\repository\com\fasterxml\jackson\core\jackson-annotations\2.15.2\jackson-annotations-2.15.2.jar;C:\Users\davih\.m2\repository\com\fasterxml\jackson\core\jackson-core\2.15.2\jackson-core-2.15.2.jar;C:\Users\davih\.m2\repository\com\fasterxml\jackson\core\jackson-databind\2.15.2\jackson-databind-2.15.2.jar;C:\Users\davih\.m2\repository\com\google\guava\guava\32.0.0-jre\guava-32.0.0-jre.jar;C:\Users\davih\.m2\repository\com\google\guava\failureaccess\1.0.1\failureaccess-1.0.1.jar;C:\Users\davih\.m2\repository\com\google\guava\listenablefuture\9999.0-empty-to-avoid-conflict-with-guava\listenablefuture-9999.0-empty-to-avoid-conflict-with-guava.jar;C:\Users\davih\.m2\repository\com\google\code\findbugs\jsr305\3.0.2\jsr305-3.0.2.jar;C:\Users\davih\.m2\repository\org\checkerframework\checker-qual\3.33.0\checker-qual-3.33.0.jar;C:\Users\davih\.m2\repository\com\google\errorprone\error_prone_annotations\2.18.0\error_prone_annotations-2.18.0.jar;C:\Users\davih\.m2\repository\com\google\j2objc\j2objc-annotations\2.8\j2objc-annotations-2.8.jar;C:\Users\davih\.m2\repository\commons-beanutils\commons-beanutils\1.9.4\commons-beanutils-1.9.4.jar;C:\Users\davih\.m2\repository\commons-collections\commons-collections\3.2.2\commons-collections-3.2.2.jar;C:\Users\davih\.m2\repository\net\revelc\code\formatter\jsdt-core\3.3.0\jsdt-core-3.3.0.jar;C:\Users\davih\.m2\repository\org\osgi\org.osgi.service.prefs\1.1.2\org.osgi.service.prefs-1.1.2.jar;C:\Users\davih\.m2\repository\org\osgi\osgi.annotation\8.0.1\osgi.annotation-8.0.1.jar;C:\Users\davih\.m2\repository\org\osgi\org.osgi.util.function\1.2.0\org.osgi.util.function-1.2.0.jar;C:\Users\davih\.m2\repository\org\osgi\org.osgi.util.promise\1.2.0\org.osgi.util.promise-1.2.0.jar;C:\Users\davih\.m2\repository\org\osgi\org.osgi.util.measurement\1.0.2\org.osgi.util.measurement-1.0.2.jar;C:\Users\davih\.m2\repository\org\osgi\org.osgi.util.position\1.0.1\org.osgi.util.position-1.0.1.jar;C:\Users\davih\.m2\repository\org\osgi\org.osgi.util.xml\1.0.2\org.osgi.util.xml-1.0.2.jar;C:\Users\davih\.m2\repository\net\revelc\code\formatter\xml-formatter\0.3.0\xml-formatter-0.3.0.jar;C:\Users\davih\.m2\repository\net\sourceforge\cssparser\cssparser\0.9.30\cssparser-0.9.30.jar;C:\Users\davih\.m2\repository\org\apache\commons\commons-digester3\3.2\commons-digester3-3.2.jar;C:\Users\davih\.m2\repository\cglib\cglib\2.2.2\cglib-2.2.2.jar;C:\Users\davih\.m2\repository\asm\asm\3.3.1\asm-3.3.1.jar;C:\Users\davih\.m2\repository\org\codehaus\plexus\plexus-resources\1.2.0\plexus-resources-1.2.0.jar;C:\Users\davih\.m2\repository\javax\inject\javax.inject\1\javax.inject-1.jar;C:\Users\davih\.m2\repository\org\slf4j\slf4j-api\1.7.32\slf4j-api-1.7.32.jar;C:\Users\davih\.m2\repository\org\codehaus\plexus\plexus-utils\4.0.0\plexus-utils-4.0.0.jar;C:\Users\davih\.m2\repository\org\eclipse\jdt\org.eclipse.jdt.core\3.33.0\org.eclipse.jdt.core-3.33.0.jar;C:\Users\davih\.m2\repository\org\eclipse\platform\org.eclipse.core.resources\3.18.200\org.eclipse.core.resources-3.18.200.jar;C:\Users\davih\.m2\repository\org\eclipse\platform\org.eclipse.core.expressions\3.8.200\org.eclipse.core.expressions-3.8.200.jar;C:\Users\davih\.m2\repository\org\eclipse\platform\org.eclipse.osgi\3.18.300\org.eclipse.osgi-3.18.300.jar;C:\Users\davih\.m2\repository\org\eclipse\platform\org.eclipse.core.runtime\3.26.100\org.eclipse.core.runtime-3.26.100.jar;C:\Users\davih\.m2\repository\org\eclipse\platform\org.eclipse.equinox.common\3.17.0\org.eclipse.equinox.common-3.17.0.jar;C:\Users\davih\.m2\repository\org\eclipse\platform\org.eclipse.core.jobs\3.13.200\org.eclipse.core.jobs-3.13.200.jar;C:\Users\davih\.m2\repository\org\eclipse\platform\org.eclipse.equinox.registry\3.11.200\org.eclipse.equinox.registry-3.11.200.jar;C:\Users\davih\.m2\repository\org\eclipse\platform\org.eclipse.equinox.preferences\3.10.100\org.eclipse.equinox.preferences-3.10.100.jar;C:\Users\davih\.m2\repository\org\eclipse\platform\org.eclipse.core.contenttype\3.8.200\org.eclipse.core.contenttype-3.8.200.jar;C:\Users\davih\.m2\repository\org\eclipse\platform\org.eclipse.equinox.app\1.6.200\org.eclipse.equinox.app-1.6.200.jar;C:\Users\davih\.m2\repository\org\eclipse\platform\org.eclipse.core.filesystem\1.9.500\org.eclipse.core.filesystem-1.9.500.jar;C:\Users\davih\.m2\repository\org\eclipse\platform\org.eclipse.text\3.12.300\org.eclipse.text-3.12.300.jar;C:\Users\davih\.m2\repository\org\eclipse\platform\org.eclipse.core.commands\3.10.300\org.eclipse.core.commands-3.10.300.jar;C:\Users\davih\.m2\repository\org\eclipse\jdt\ecj\3.33.0\ecj-3.33.0.jar;C:\Users\davih\.m2\repository\org\jsoup\jsoup\1.16.1\jsoup-1.16.1.jar;C:\Users\davih\.m2\repository\org\slf4j\jcl-over-slf4j\2.0.7\jcl-over-slf4j-2.0.7.jar;C:\Users\davih\.m2\repository\org\w3c\css\sac\1.3\sac-1.3.jar;C:\Users\davih\.m2\repository\org\powermock\powermock-module-junit4\2.0.9\powermock-module-junit4-2.0.9.jar;C:\Users\davih\.m2\repository\org\powermock\powermock-module-junit4-common\2.0.9\powermock-module-junit4-common-2.0.9.jar;C:\Users\davih\.m2\repository\org\powermock\powermock-reflect\2.0.9\powermock-reflect-2.0.9.jar;C:\Users\davih\.m2\repository\org\powermock\powermock-core\2.0.9\powermock-core-2.0.9.jar;C:\Users\davih\.m2\repository\org\javassist\javassist\3.27.0-GA\javassist-3.27.0-GA.jar;C:\Users\davih\.m2\repository\org\powermock\powermock-api-mockito2\2.0.9\powermock-api-mockito2-2.0.9.jar;C:\Users\davih\.m2\repository\org\powermock\powermock-api-support\2.0.9\powermock-api-support-2.0.9.jar;"/>
    <property name="sun.cpu.endian" value="little"/>
    <property name="user.home" value="C:\Users\davih"/>
    <property name="user.language" value="en"/>
    <property name="java.specification.vendor" value="Oracle Corporation"/>
    <property name="java.version.date" value="2023-01-17"/>
    <property name="java.home" value="C:\Users\davih\.jdks\corretto-19.0.2"/>
    <property name="file.separator" value="\"/>
    <property name="basedir" value="C:\Users\davih\Documents\Projects\IT-Projects\Egge\SoftwareQualityDockerized"/>
    <property name="java.vm.compressedOopsMode" value="Zero based"/>
    <property name="line.separator" value="&#10;"/>
    <property name="java.vm.specification.vendor" value="Oracle Corporation"/>
    <property name="java.specification.name" value="Java Platform API Specification"/>
    <property name="surefire.real.class.path" value="C:\Users\davih\AppData\Local\Temp\surefire3922358182085702486\surefirebooter3379619759780711400.jar"/>
    <property name="user.script" value=""/>
    <property name="sun.management.compiler" value="HotSpot 64-Bit Tiered Compilers"/>
    <property name="java.runtime.version" value="19.0.2+7-FR"/>
    <property name="user.name" value="davih"/>
    <property name="stdout.encoding" value="Cp1252"/>
    <property name="path.separator" value=";"/>
    <property name="os.version" value="10.0"/>
    <property name="java.runtime.name" value="OpenJDK Runtime Environment"/>
    <property name="file.encoding" value="UTF-8"/>
    <property name="java.vm.name" value="OpenJDK 64-Bit Server VM"/>
    <property name="java.vendor.version" value="Corretto-19.0.2.7.1"/>
    <property name="localRepository" value="C:\Users\davih\.m2\repository"/>
    <property name="java.vendor.url.bug" value="https://github.com/corretto/corretto-19/issues/"/>
    <property name="java.io.tmpdir" value="C:\Users\davih\AppData\Local\Temp\"/>
    <property name="idea.version" value="2024.1.2"/>
    <property name="java.version" value="19.0.2"/>
    <property name="user.dir" value="C:\Users\davih\Documents\Projects\IT-Projects\Egge\SoftwareQualityDockerized"/>
    <property name="os.arch" value="amd64"/>
    <property name="java.vm.specification.name" value="Java Virtual Machine Specification"/>
    <property name="sun.os.patch.level" value=""/>
    <property name="native.encoding" value="Cp1252"/>
    <property name="java.library.path" value="C:\Users\davih\.jdks\corretto-19.0.2\bin;C:\WINDOWS\Sun\Java\bin;C:\WINDOWS\system32;C:\WINDOWS;C:\Program Files\Common Files\Oracle\Java\javapath;C:\Program Files (x86)\Common Files\Oracle\Java\java8path;C:\Program Files (x86)\Common Files\Oracle\Java\javapath;C:\ProgramData\Oracle\Java\javapath;C:\Python312\Scripts\;C:\Python312\;C:\Windows\system32;C:\Windows;C:\Windows\System32\Wbem;C:\Windows\System32\WindowsPowerShell\v1.0\;C:\Windows\System32\OpenSSH\;C:\Program Files (x86)\NVIDIA Corporation\PhysX\Common;C:\Program Files\NVIDIA Corporation\NVIDIA NvDLISR;C:\WINDOWS\system32;C:\WINDOWS;C:\WINDOWS\System32\Wbem;C:\WINDOWS\System32\WindowsPowerShell\v1.0\;C:\WINDOWS\System32\OpenSSH\;C:\Program Files\dotnet\;C:\Program Files\nodejs\;C:\ProgramData\chocolatey\bin;C:\Program Files\Git\cmd;C:\Program Files\Docker\Docker\resources\bin;C:\Users\davih\AppData\Local\Microsoft\WindowsApps;C:\Users\davih\AppData\Local\Programs\Microsoft VS Code\bin;C:\Users\davih\AppData\Local\Microsoft\WinGet\Links;C:\Users\davih\AppData\Roaming\npm;C:\Users\davih\AppData\Local\Programs\oh-my-posh\bin;C:\Users\davih\AppData\Local\JetBrains\Toolbox\scripts;C:\Users\davih\.dotnet\tools;."/>
    <property name="java.vm.info" value="mixed mode, sharing"/>
    <property name="stderr.encoding" value="Cp1252"/>
    <property name="java.vendor" value="Amazon.com Inc."/>
    <property name="java.vm.version" value="19.0.2+7-FR"/>
    <property name="sun.io.unicode.encoding" value="UnicodeLittle"/>
    <property name="java.class.version" value="63.0"/>
  </properties>
  <testcase name="execute_success_slideChanged" classname="GotoSlideCommandTest" time="4.31">
    <error type="org.mockito.exceptions.misusing.InvalidUseOfMatchersException"><![CDATA[org.mockito.exceptions.misusing.InvalidUseOfMatchersException: 

Misplaced or misused argument matcher detected here:

-> at GotoSlideCommandTest.execute_success_slideChanged(GotoSlideCommandTest.java:34)

You cannot use argument matchers outside of verification or stubbing.
Examples of correct usage of argument matchers:
    when(mock.get(anyInt())).thenReturn(null);
    doThrow(new RuntimeException()).when(mock).someVoidMethod(anyObject());
    verify(mock).someMethod(contains("foo"))

This message may appear after an NullPointerException if the last matcher is returning an object 
like any() but the stubbed method signature expect a primitive argument, in this case,
use primitive alternatives.
    when(mock.get(any())); // bad use, will raise NPE
    when(mock.get(anyInt())); // correct usage use

Also, this error might show up because you use argument matchers with methods that cannot be mocked.
Following methods *cannot* be stubbed/verified: final/private/equals()/hashCode().
Mocking methods declared on non-public parent classes is not supported.

	at GotoSlideCommandTest.execute_success_slideChanged(GotoSlideCommandTest.java:34)
]]></error>
  </testcase>
  <testcase name="execute_throwsNumberFormatException_slideNotChanged" classname="GotoSlideCommandTest" time="0.715">
    <error type="org.mockito.exceptions.misusing.InvalidUseOfMatchersException"><![CDATA[org.mockito.exceptions.misusing.InvalidUseOfMatchersException: 

Misplaced or misused argument matcher detected here:

-> at GotoSlideCommandTest.execute_throwsNumberFormatException_slideNotChanged(GotoSlideCommandTest.java:48)

You cannot use argument matchers outside of verification or stubbing.
Examples of correct usage of argument matchers:
    when(mock.get(anyInt())).thenReturn(null);
    doThrow(new RuntimeException()).when(mock).someVoidMethod(anyObject());
    verify(mock).someMethod(contains("foo"))

This message may appear after an NullPointerException if the last matcher is returning an object 
like any() but the stubbed method signature expect a primitive argument, in this case,
use primitive alternatives.
    when(mock.get(any())); // bad use, will raise NPE
    when(mock.get(anyInt())); // correct usage use

Also, this error might show up because you use argument matchers with methods that cannot be mocked.
Following methods *cannot* be stubbed/verified: final/private/equals()/hashCode().
Mocking methods declared on non-public parent classes is not supported.

	at GotoSlideCommandTest.execute_throwsNumberFormatException_slideNotChanged(GotoSlideCommandTest.java:48)
]]></error>
  </testcase>
</testsuite>